[16:58:30] This is prokka 1.14.6
           Written by Torsten Seemann <torsten.seemann@gmail.com>
           Homepage is https://github.com/telatin/prokka
           Local time is Tue May 19 16:58:30 2020
           You are telatina
           Operating system is darwin
[16:58:30] You have BioPerl 1.007002
[16:58:30] System has 8 cores.
[16:58:30] Will use maximum of 8 cores.
[16:58:30] Annotating as >>> Bacteria <<<
[16:58:30] /Users/telatina/git/prokka/db/kingdom/Bacteria/sprot.pin /Users/telatina/git/prokka/db/hmm/HAMAP.hmm.h3i
[16:58:30] Generating locus_tag from 'test/plasmid.fna' contents.
[16:58:30] Setting --locustag KCKEPNKI from MD5 4c4e9742af5bddec0d5d78a498415fb0
[16:58:30] Creating new output folder: ciao
[16:58:30] [1mShell command:[0m
mkdir -p ciao
[16:58:30] Using filename prefix: PROKKA_05192020.XXX
[16:58:30] Setting HMMER_NCPU=1
[16:58:30] Writing log to: ciao/PROKKA_05192020.log
[16:58:30] Command: ./bin/prokka --meta test/plasmid.fna -o ciao
[16:58:30] Appending to PATH: /Users/telatina/git/prokka/bin/../binaries/darwin
[16:58:30] Appending to PATH: /Users/telatina/git/prokka/bin/../binaries/darwin/../common
[16:58:30] Appending to PATH: /Users/telatina/git/prokka/bin
[16:58:30] Looking for 'aragorn' - found /Users/telatina/miniconda3/envs/prokka/bin/aragorn
[16:58:30] Determined aragorn version is 001002 from 'ARAGORN v1.2.38 Dean Laslett'
[16:58:30] Looking for 'barrnap' - found /Users/telatina/miniconda3/envs/prokka/bin/barrnap
[16:58:30] Determined barrnap version is 000009 from 'barrnap 0.9'
[16:58:30] Looking for 'blastp' - found /Users/telatina/miniconda3/envs/prokka/bin/blastp
[16:58:30] Determined blastp version is 002009 from 'blastp: 2.9.0+'
[16:58:30] Looking for 'cmpress' - found /Users/telatina/miniconda3/envs/prokka/bin/cmpress
[16:58:30] Determined cmpress version is 001001 from '# INFERNAL 1.1.2 (July 2016)'
[16:58:30] Looking for 'cmscan' - found /Users/telatina/miniconda3/envs/prokka/bin/cmscan
[16:58:30] Determined cmscan version is 001001 from '# INFERNAL 1.1.2 (July 2016)'
[16:58:30] Looking for 'egrep' - found /usr/bin/egrep
[16:58:30] Looking for 'find' - found /usr/bin/find
[16:58:30] Looking for 'grep' - found /usr/bin/grep
[16:58:30] Looking for 'hmmpress' - found /Users/telatina/miniconda3/envs/prokka/bin/hmmpress
[16:58:30] Determined hmmpress version is 003003 from '# HMMER 3.3 (Nov 2019); http://hmmer.org/'
[16:58:30] Looking for 'hmmscan' - found /Users/telatina/miniconda3/envs/prokka/bin/hmmscan
[16:58:30] Determined hmmscan version is 003003 from '# HMMER 3.3 (Nov 2019); http://hmmer.org/'
[16:58:30] Looking for 'java' - found /Users/telatina/miniconda3/envs/prokka/bin/java
[16:58:30] Looking for 'makeblastdb' - found /Users/telatina/miniconda3/envs/prokka/bin/makeblastdb
[16:58:31] Determined makeblastdb version is 002009 from 'makeblastdb: 2.9.0+'
[16:58:31] Looking for 'minced' - found /Users/telatina/miniconda3/envs/prokka/bin/minced
[16:58:31] Determined minced version is 004002 from 'minced 0.4.2'
[16:58:31] Looking for 'parallel' - found /Users/telatina/miniconda3/envs/prokka/bin/parallel
[16:58:31] Determined parallel version is 20160622 from 'GNU parallel 20160622'
[16:58:31] Looking for 'prodigal' - found /Users/telatina/miniconda3/envs/prokka/bin/prodigal
[16:58:31] Determined prodigal version is 002006 from 'Prodigal V2.6.3: February, 2016'
[16:58:31] Looking for 'prokka-genbank_to_fasta_db' - found /Users/telatina/miniconda3/envs/prokka/bin/prokka-genbank_to_fasta_db
[16:58:31] Looking for 'sed' - found /usr/bin/sed
[16:58:31] Looking for 'tbl2asn' - found /Users/telatina/miniconda3/envs/prokka/bin/tbl2asn
[16:58:31] Determined tbl2asn version is 025007 from 'tbl2asn 25.7   arguments:'
[16:58:31] Using genetic code table 11.
[16:58:31] Loading and checking input file: test/plasmid.fna
[16:58:31] Wrote 1 contigs totalling 56520 bp.
[16:58:31] Predicting tRNAs and tmRNAs
[16:58:31] Running: aragorn -l -gc11  -w ciao\/PROKKA_05192020\.fna
[16:58:31] Found 0 tRNAs
[16:58:31] Predicting Ribosomal RNAs
[16:58:31] Running Barrnap with 8 threads
[16:58:31] Found 0 rRNAs
[16:58:31] Skipping ncRNA search, enable with --rfam if desired.
[16:58:31] Total of 0 tRNA + rRNA features
[16:58:31] Searching for CRISPR repeats
[16:58:31] Found 0 CRISPRs
[16:58:31] Predicting coding sequences
[16:58:31] Contigs total 56520 bp, so using meta mode
[16:58:31] Running: prodigal -i ciao\/PROKKA_05192020\.fna  -m -g 11 -p meta -f sco -q
[16:58:31] Found 63 CDS
[16:58:31] Connecting features back to sequences
[16:58:31] Not using genus-specific database. Try --usegenus to enable it.
[16:58:31] Annotating CDS, please be patient.
[16:58:31] Will use 8 CPUs for similarity searching.
[16:58:31] There are still 63 unannotated CDS left (started with 63)
[16:58:31] Will use blast to search against /Users/telatina/git/prokka/db/kingdom/Bacteria/IS with 8 CPUs
[16:58:31] [1mShell command:[0m
cat ciao/PROKKA_05192020.IS.tmp.71424.faa | parallel --gnu --plain -j 8 --block 1046 --recstart '>' --pipe blastp -query - -db /Users/telatina/git/prokka/db/kingdom/Bacteria/IS -evalue 1e-30 -qcov_hsp_perc 90 -num_threads 1 -num_descriptions 1 -num_alignments 1 -seg no > ciao/PROKKA_05192020.IS.tmp.71424.blast 2> /dev/null
[16:58:33] Deleting unwanted file: ciao/PROKKA_05192020.IS.tmp.71424.faa
[16:58:33] Deleting unwanted file: ciao/PROKKA_05192020.IS.tmp.71424.blast
[16:58:33] There are still 62 unannotated CDS left (started with 63)
[16:58:33] Will use blast to search against /Users/telatina/git/prokka/db/kingdom/Bacteria/AMR with 8 CPUs
[16:58:33] [1mShell command:[0m
cat ciao/PROKKA_05192020.AMR.tmp.71424.faa | parallel --gnu --plain -j 8 --block 1021 --recstart '>' --pipe blastp -query - -db /Users/telatina/git/prokka/db/kingdom/Bacteria/AMR -evalue 9.99999999999999e-301 -qcov_hsp_perc 90 -num_threads 1 -num_descriptions 1 -num_alignments 1 -seg no > ciao/PROKKA_05192020.AMR.tmp.71424.blast 2> /dev/null
[16:58:34] Deleting unwanted file: ciao/PROKKA_05192020.AMR.tmp.71424.faa
[16:58:34] Deleting unwanted file: ciao/PROKKA_05192020.AMR.tmp.71424.blast
[16:58:34] There are still 62 unannotated CDS left (started with 63)
[16:58:34] Will use blast to search against /Users/telatina/git/prokka/db/kingdom/Bacteria/sprot with 8 CPUs
[16:58:34] [1mShell command:[0m
cat ciao/PROKKA_05192020.sprot.tmp.71424.faa | parallel --gnu --plain -j 8 --block 1021 --recstart '>' --pipe blastp -query - -db /Users/telatina/git/prokka/db/kingdom/Bacteria/sprot -evalue 1e-09 -qcov_hsp_perc 80 -num_threads 1 -num_descriptions 1 -num_alignments 1 -seg no > ciao/PROKKA_05192020.sprot.tmp.71424.blast 2> /dev/null
[16:58:36] Deleting unwanted file: ciao/PROKKA_05192020.sprot.tmp.71424.faa
[16:58:36] Deleting unwanted file: ciao/PROKKA_05192020.sprot.tmp.71424.blast
[16:58:36] There are still 54 unannotated CDS left (started with 63)
[16:58:36] Will use hmmer3 to search against /Users/telatina/git/prokka/db/hmm/HAMAP.hmm with 8 CPUs
[16:58:36] [1mShell command:[0m
cat ciao/PROKKA_05192020.HAMAP.hmm.tmp.71424.faa | parallel --gnu --plain -j 8 --block 872 --recstart '>' --pipe hmmscan --noali --notextw --acc -E 1e-09 --cpu 1 /Users/telatina/git/prokka/db/hmm/HAMAP.hmm /dev/stdin > ciao/PROKKA_05192020.HAMAP.hmm.tmp.71424.hmmer3 2> /dev/null
[16:58:37] Deleting unwanted file: ciao/PROKKA_05192020.HAMAP.hmm.tmp.71424.faa
[16:58:37] Deleting unwanted file: ciao/PROKKA_05192020.HAMAP.hmm.tmp.71424.hmmer3
[16:58:37] Labelling remaining 54 proteins as 'hypothetical protein'
[16:58:37] Found 8 unique /gene codes.
[16:58:37] Fixed 0 colliding /gene names.
[16:58:37] Adding /locus_tag identifiers
[16:58:37] Assigned 63 locus_tags to CDS and RNA features.
[16:58:37] Writing outputs to ciao/
[16:58:37] Deleting unwanted file: ciao/PROKKA_05192020.fna
[16:58:37] Generating annotation statistics file
[16:58:37] Generating Genbank and Sequin files
[16:58:37] Skipping tbl2asn (metagenome)
[16:58:37] Output files:
            * ciao/PROKKA_05192020.log
            * ciao/PROKKA_05192020.ffn
            * ciao/PROKKA_05192020.faa
            * ciao/PROKKA_05192020.txt
            * ciao/PROKKA_05192020.gff
            * ciao/PROKKA_05192020.tsv
[16:58:37] Annotation finished successfully.
[16:58:37] Walltime used: 0.12 minutes
[16:58:37] If you use this result please cite the Prokka paper:
[16:58:37] Seemann T (2014) Prokka: rapid prokaryotic genome annotation. Bioinformatics. 30(14):2068-9.
[16:58:37] Type 'prokka --citation' for more details.
[16:58:37] Share and enjoy!
